<?xml version="1.0" encoding="UTF-8"?>
<!-- Generated by org.testng.reporters.JUnitReportReporter -->
<testsuite hostname="RAMESH_KUSUMA" failures="0" tests="1" name="com.oops.inheritance.B2" time="0.010" errors="0" timestamp="2022-11-03T12:06:17 IST" skipped="0">
  <testcase classname="com.oops.inheritance.B2" name="testFLow" time="0.010"/>
  <system-out/>
</testsuite> <!-- com.oops.inheritance.B2 -->
